
Source file: LAB2_1.X68
Assembled on: 16-11-03 at: 08:47:25
          by: X68K PC-2.2 Copyright (c) University of Teesside 1989,96
Defaults: ORG $0/FORMAT/OPT A,BRL,CEX,CL,FRL,MC,MD,NOMEX,NOPCO

    1                        
    2  00008000                        ORG       $8000
    3  00008000 303900009000 START:    MOVE.W    A,D0
    4  00008006 323900009002           MOVE.W    B,D1
    5  0000800C 243C00000000           MOVE.L    #0,D2
    6  00008012 2601         LOOP:     MOVE.L    D1,D3
    7  00008014 02430001               ANDI.W    #1,D3
    8  00008018 6702                   BEQ.S     EVEN
    9  0000801A D440                   ADD.W     D0,D2
   10  0000801C E348         EVEN:     LSL.W     #1,D0
   11  0000801E E249                   LSR.W     #1,D1
   12  00008020 0C410001               CMPI      #1,D1
   13  00008024 67000004               BEQ       EXIT
   14  00008028 60E8                   BRA       LOOP
   15  0000802A D440         EXIT:     ADD.W     D0,D2
   16  0000802C 4E4E                   TRAP      #14
   17                        
   18  00009000                        ORG       $9000
   19  00009000 001E         A:        DC.W      30
   20  00009002 0019         B:        DC.W      25
   21                        
   22           00008000               END       START

Lines: 22, Errors: 0, Warnings: 0.
