
Source file: L6_2.X68
Assembled on: 16-10-27 at: 10:26:35
          by: X68K PC-2.2 Copyright (c) University of Teesside 1989,96
Defaults: ORG $0/FORMAT/OPT A,BRL,CEX,CL,FRL,MC,MD,NOMEX,NOPCO

    1                        *L6_2.x68     
    2                        
    3  00008000                        ORG       $8000
    4  00008000 103C00FF     START:    MOVE.B    #$FF,D0
    5  00008004 41F900009000           LEA       POINTER1,A0
    6  0000800A 43F900009020           LEA       POINTER2,A1
    7  00008010 1218         LOOP:     MOVE.B    (A0)+,D1
    8  00008012 1419                   MOVE.B    (A1)+,D2
    9  00008014 B242                   CMP       D2,D1
   10  00008016 67000006               BEQ       IF
   11  0000801A 103C0000               MOVE.B    #$00,D0
   12  0000801E 0C41000D     IF:       CMPI      #$0D,D1
   13  00008022 67000008               BEQ       EXIT
   14  00008026 0C4000FF               CMPI      #$FF,D0
   15  0000802A 67E4                   BEQ       LOOP
   16  0000802C 4E4E         EXIT:     TRAP      #14
   17                        
   18  00009000                        ORG       $9000
   19  00009000 41414141410D POINTER1: DC.B      'AAAAA',$0D
   20  00009020                        ORG       $9020
   21  00009020 41414141410D POINTER2: DC.B      'AAAAA',$0D
   22                        
   23           00008000               END       START

Lines: 23, Errors: 0, Warnings: 0.
