
Source file: LAB10_2.X68
Assembled on: 16-11-24 at: 10:16:57
          by: X68K PC-2.2 Copyright (c) University of Teesside 1989,96
Defaults: ORG $0/FORMAT/OPT A,BRL,CEX,CL,FRL,MC,MD,NOMEX,NOPCO

    1           0000C001     DUART:    EQU       $C001
    2           00000002     SRA:      EQU       2
    3           00000006     RBA:      EQU       6
    4           0000001A     IPR:      EQU       13*2
    5           0000001C     OPR_SET:  EQU       14*2
    6           0000001E     OPR_CLR:  EQU       15*2
    7                        
    8  00008000                        ORG       $8000
    9  00008000 207C0000C001 START:    MOVEA.L   #DUART,A0
   10  00008006 10280002     LOOP:     MOVE.B    SRA(A0),D0
   11  0000800A 02070001               ANDI.B    #1,D7
   12  0000800E 67F6                   BEQ       LOOP
   13  00008010 10280006               MOVE.B    RBA(A0),D0
   14  00008014 020000FF               ANDI.B    #$FF,D0
   15  00008018 60EC                   BRA       LOOP
   16  0000801A 4E4E                   TRAP      #14
   17                            
   18           00008000               END       START

Lines: 18, Errors: 0, Warnings: 0.
